{"C:\\Users\\gabo_\\Desktop\\development\\tdd-development\\calculator\\src\\App.tsx": {"path":"C:\\Users\\gabo_\\Desktop\\development\\tdd-development\\calculator\\src\\App.tsx","all":true,"statementMap":{"0":{"start":{"line":1,"column":0},"end":{"line":1,"column":18}},"1":{"start":{"line":2,"column":0},"end":{"line":2,"column":48}},"3":{"start":{"line":4,"column":0},"end":{"line":4,"column":16}},"4":{"start":{"line":5,"column":0},"end":{"line":5,"column":23}},"5":{"start":{"line":6,"column":0},"end":{"line":6,"column":1}},"7":{"start":{"line":8,"column":0},"end":{"line":8,"column":18}}},"s":{"0":0,"1":0,"3":0,"4":0,"5":0,"7":0},"branchMap":{"0":{"type":"branch","line":1,"loc":{"start":{"line":1,"column":138},"end":{"line":8,"column":18}},"locations":[{"start":{"line":1,"column":138},"end":{"line":8,"column":18}}]}},"b":{"0":[0]},"fnMap":{"0":{"name":"(empty-report)","decl":{"start":{"line":1,"column":138},"end":{"line":8,"column":18}},"loc":{"start":{"line":1,"column":138},"end":{"line":8,"column":18}},"line":1}},"f":{"0":0}}
,"C:\\Users\\gabo_\\Desktop\\development\\tdd-development\\calculator\\src\\main.tsx": {"path":"C:\\Users\\gabo_\\Desktop\\development\\tdd-development\\calculator\\src\\main.tsx","all":true,"statementMap":{"0":{"start":{"line":1,"column":0},"end":{"line":1,"column":34}},"1":{"start":{"line":2,"column":0},"end":{"line":2,"column":45}},"2":{"start":{"line":3,"column":0},"end":{"line":3,"column":20}},"3":{"start":{"line":4,"column":0},"end":{"line":4,"column":27}},"5":{"start":{"line":6,"column":0},"end":{"line":6,"column":52}},"6":{"start":{"line":7,"column":0},"end":{"line":7,"column":14}},"7":{"start":{"line":8,"column":0},"end":{"line":8,"column":11}},"8":{"start":{"line":9,"column":0},"end":{"line":9,"column":16}},"9":{"start":{"line":10,"column":0},"end":{"line":10,"column":1}}},"s":{"0":0,"1":0,"2":0,"3":0,"5":0,"6":0,"7":0,"8":0,"9":0},"branchMap":{"0":{"type":"branch","line":1,"loc":{"start":{"line":1,"column":229},"end":{"line":10,"column":1}},"locations":[{"start":{"line":1,"column":229},"end":{"line":10,"column":1}}]}},"b":{"0":[0]},"fnMap":{"0":{"name":"(empty-report)","decl":{"start":{"line":1,"column":229},"end":{"line":10,"column":1}},"loc":{"start":{"line":1,"column":229},"end":{"line":10,"column":1}},"line":1}},"f":{"0":0}}
,"C:\\Users\\gabo_\\Desktop\\development\\tdd-development\\calculator\\src\\components\\Calculator.tsx": {"path":"C:\\Users\\gabo_\\Desktop\\development\\tdd-development\\calculator\\src\\components\\Calculator.tsx","all":false,"statementMap":{"0":{"start":{"line":1,"column":0},"end":{"line":1,"column":43}},"3":{"start":{"line":4,"column":0},"end":{"line":4,"column":28}},"4":{"start":{"line":5,"column":0},"end":{"line":5,"column":18}},"5":{"start":{"line":6,"column":0},"end":{"line":6,"column":18}},"6":{"start":{"line":7,"column":0},"end":{"line":7,"column":18}},"7":{"start":{"line":8,"column":0},"end":{"line":8,"column":7}},"8":{"start":{"line":9,"column":0},"end":{"line":9,"column":1}},"10":{"start":{"line":11,"column":0},"end":{"line":11,"column":51}},"12":{"start":{"line":13,"column":0},"end":{"line":13,"column":26}},"13":{"start":{"line":14,"column":0},"end":{"line":14,"column":40}},"15":{"start":{"line":16,"column":0},"end":{"line":16,"column":48}},"16":{"start":{"line":17,"column":0},"end":{"line":17,"column":26}},"17":{"start":{"line":18,"column":0},"end":{"line":18,"column":40}},"18":{"start":{"line":19,"column":0},"end":{"line":19,"column":12}},"19":{"start":{"line":20,"column":0},"end":{"line":20,"column":5}},"20":{"start":{"line":21,"column":0},"end":{"line":21,"column":45}},"21":{"start":{"line":22,"column":0},"end":{"line":22,"column":3}},"23":{"start":{"line":24,"column":0},"end":{"line":24,"column":19}},"24":{"start":{"line":25,"column":0},"end":{"line":25,"column":33}},"25":{"start":{"line":26,"column":0},"end":{"line":26,"column":13}},"27":{"start":{"line":28,"column":0},"end":{"line":28,"column":10}},"28":{"start":{"line":29,"column":0},"end":{"line":29,"column":13}},"29":{"start":{"line":30,"column":0},"end":{"line":30,"column":28}},"30":{"start":{"line":31,"column":0},"end":{"line":31,"column":52}},"31":{"start":{"line":32,"column":0},"end":{"line":32,"column":23}},"32":{"start":{"line":33,"column":0},"end":{"line":33,"column":52}},"33":{"start":{"line":34,"column":0},"end":{"line":34,"column":44}},"34":{"start":{"line":35,"column":0},"end":{"line":35,"column":42}},"35":{"start":{"line":36,"column":0},"end":{"line":36,"column":74}},"36":{"start":{"line":37,"column":0},"end":{"line":37,"column":24}},"37":{"start":{"line":38,"column":0},"end":{"line":38,"column":23}},"38":{"start":{"line":39,"column":0},"end":{"line":39,"column":15}},"39":{"start":{"line":40,"column":0},"end":{"line":40,"column":16}},"40":{"start":{"line":41,"column":0},"end":{"line":41,"column":11}},"41":{"start":{"line":42,"column":0},"end":{"line":42,"column":55}},"42":{"start":{"line":43,"column":0},"end":{"line":43,"column":72}},"43":{"start":{"line":44,"column":0},"end":{"line":44,"column":23}},"44":{"start":{"line":45,"column":0},"end":{"line":45,"column":19}},"45":{"start":{"line":46,"column":0},"end":{"line":46,"column":11}},"46":{"start":{"line":47,"column":0},"end":{"line":47,"column":12}},"47":{"start":{"line":48,"column":0},"end":{"line":48,"column":14}},"49":{"start":{"line":50,"column":0},"end":{"line":50,"column":1}},"51":{"start":{"line":52,"column":0},"end":{"line":52,"column":25}}},"s":{"0":1,"3":1,"4":1,"5":1,"6":1,"7":1,"8":1,"10":1,"12":1,"13":17,"15":17,"16":8,"17":1,"18":1,"19":1,"20":7,"21":8,"23":17,"24":17,"25":17,"27":17,"28":17,"29":17,"30":17,"31":17,"32":17,"33":68,"34":68,"35":170,"36":170,"37":170,"38":68,"39":68,"40":17,"41":17,"42":85,"43":85,"44":85,"45":17,"46":17,"47":17,"49":17,"51":1},"branchMap":{"0":{"type":"branch","line":13,"loc":{"start":{"line":13,"column":19},"end":{"line":50,"column":1}},"locations":[{"start":{"line":13,"column":19},"end":{"line":50,"column":1}}]},"1":{"type":"branch","line":16,"loc":{"start":{"line":16,"column":25},"end":{"line":22,"column":3}},"locations":[{"start":{"line":16,"column":25},"end":{"line":22,"column":3}}]},"2":{"type":"branch","line":17,"loc":{"start":{"line":17,"column":25},"end":{"line":20,"column":5}},"locations":[{"start":{"line":17,"column":25},"end":{"line":20,"column":5}}]},"3":{"type":"branch","line":20,"loc":{"start":{"line":20,"column":4},"end":{"line":21,"column":45}},"locations":[{"start":{"line":20,"column":4},"end":{"line":21,"column":45}}]},"4":{"type":"branch","line":18,"loc":{"start":{"line":18,"column":15},"end":{"line":18,"column":39}},"locations":[{"start":{"line":18,"column":15},"end":{"line":18,"column":39}}]},"5":{"type":"branch","line":21,"loc":{"start":{"line":21,"column":13},"end":{"line":21,"column":44}},"locations":[{"start":{"line":21,"column":13},"end":{"line":21,"column":44}}]},"6":{"type":"branch","line":24,"loc":{"start":{"line":24,"column":12},"end":{"line":26,"column":5}},"locations":[{"start":{"line":24,"column":12},"end":{"line":26,"column":5}}]},"7":{"type":"branch","line":33,"loc":{"start":{"line":33,"column":25},"end":{"line":40,"column":16}},"locations":[{"start":{"line":33,"column":25},"end":{"line":40,"column":16}}]},"8":{"type":"branch","line":35,"loc":{"start":{"line":35,"column":21},"end":{"line":38,"column":23}},"locations":[{"start":{"line":35,"column":21},"end":{"line":38,"column":23}}]},"9":{"type":"branch","line":36,"loc":{"start":{"line":36,"column":44},"end":{"line":36,"column":74}},"locations":[{"start":{"line":36,"column":44},"end":{"line":36,"column":74}}]},"10":{"type":"branch","line":42,"loc":{"start":{"line":42,"column":24},"end":{"line":45,"column":19}},"locations":[{"start":{"line":42,"column":24},"end":{"line":45,"column":19}}]},"11":{"type":"branch","line":43,"loc":{"start":{"line":43,"column":39},"end":{"line":43,"column":72}},"locations":[{"start":{"line":43,"column":39},"end":{"line":43,"column":72}}]}},"b":{"0":[17],"1":[8],"2":[1],"3":[7],"4":[1],"5":[7],"6":[17],"7":[68],"8":[170],"9":[5],"10":[85],"11":[3]},"fnMap":{"0":{"name":"Calculator","decl":{"start":{"line":13,"column":19},"end":{"line":50,"column":1}},"loc":{"start":{"line":13,"column":19},"end":{"line":50,"column":1}},"line":13},"1":{"name":"handleBtnClick","decl":{"start":{"line":16,"column":25},"end":{"line":22,"column":3}},"loc":{"start":{"line":16,"column":25},"end":{"line":22,"column":3}},"line":16},"2":{"name":"onClick","decl":{"start":{"line":36,"column":44},"end":{"line":36,"column":74}},"loc":{"start":{"line":36,"column":44},"end":{"line":36,"column":74}},"line":36},"3":{"name":"onClick","decl":{"start":{"line":43,"column":39},"end":{"line":43,"column":72}},"loc":{"start":{"line":43,"column":39},"end":{"line":43,"column":72}},"line":43}},"f":{"0":17,"1":8,"2":5,"3":3}}
}
